check term folder:
464
check term meta:
1
check term folder:
1394
check term meta:
1
check term folder:
1473
check term meta:
1
check term folder:
503
check term meta:
1
check term folder:
1395
check term meta:
1
check term folder:
1454
check term meta:
1
check term folder:
1396
check term meta:
1
check term folder:
1397
check term meta:
1
check term folder:
1398
check term meta:
1
check term folder:
1399
check term meta:
1
check term folder:
1400
check term meta:
1
check term folder:
1468
check term meta:
1
check term folder:
1401
check term meta:
1
check term folder:
1402
check term meta:
1
check term folder:
1403
check term meta:
1
check term folder:
1359
check term meta:
1
check term folder:
1392
check term meta:
1
check term folder:
1404
check term meta:
1
check term folder:
1422
check term meta:
1
check term folder:
504
check term meta:
1
check term folder:
1405
check term meta:
1
check term folder:
1434
check term meta:
1
check term folder:
1406
check term meta:
1
check term folder:
1407
check term meta:
1
check term folder:
1408
check term meta:
1
check term folder:
1409
check term meta:
1
check term folder:
1410
check term meta:
1
check term folder:
1411
check term meta:
1
check term folder:
1467
check term meta:
1
check term folder:
1399
check term meta:
1
check term folder:
1469
check term meta:
1
check term folder:
1412
check term meta:
1
check term folder:
1413
check term meta:
1
check term folder:
1462
check term meta:
1
check term folder:
1458
check term meta:
1
check term folder:
1420
check term meta:
1
check term folder:
1414
check term meta:
1
check term folder:
1447
check term meta:
1
check term folder:
1420
check term meta:
1
check term folder:
1441
check term meta:
1
check term folder:
1449
check term meta:
1
check term folder:
1444
check term meta:
1
check term folder:
1448
check term meta:
1
check insert result:
Array
(
    [term_id] => 1509
    [term_taxonomy_id] => 1509
)

check term folder:
1509
check term meta:
1
check insert result:
Array
(
    [term_id] => 1510
    [term_taxonomy_id] => 1510
)

check term folder:
1510
check term meta:
1
check insert result:
Array
(
    [term_id] => 1511
    [term_taxonomy_id] => 1511
)

check term folder:
1511
check term meta:
1
check insert result:
Array
(
    [term_id] => 1512
    [term_taxonomy_id] => 1512
)

check term folder:
1512
check term meta:
1
check insert result:
Array
(
    [term_id] => 1513
    [term_taxonomy_id] => 1513
)

check term folder:
1513
check term meta:
1
check insert result:
Array
(
    [term_id] => 1514
    [term_taxonomy_id] => 1514
)

check term folder:
1514
check term meta:
1
check insert result:
Array
(
    [term_id] => 1515
    [term_taxonomy_id] => 1515
)

check term folder:
1515
check term meta:
1
check insert result:
Array
(
    [term_id] => 1516
    [term_taxonomy_id] => 1516
)

check term folder:
1516
check term meta:
1
check term folder:
1474
check term meta:
1
check term folder:
1457
check term meta:
1
check term folder:
1475
check term meta:
1
check term folder:
1410
check term meta:
1
check term folder:
1424
check term meta:
1
check insert result:
Array
(
    [term_id] => 1519
    [term_taxonomy_id] => 1519
)

check term folder:
1519
check term meta:
1
check insert result:
Array
(
    [term_id] => 1520
    [term_taxonomy_id] => 1520
)

check term folder:
1520
check term meta:
1
check term folder:
1465
check term meta:
1
check insert result:
Array
(
    [term_id] => 1521
    [term_taxonomy_id] => 1521
)

check term folder:
1521
check term meta:
1
check insert result:
Array
(
    [term_id] => 1522
    [term_taxonomy_id] => 1522
)

check term folder:
1522
check term meta:
1
check term folder:
1412
check term meta:
1
check term folder:
1427
check term meta:
1
check term folder:
1422
check term meta:
1
check term folder:
1421
check term meta:
1
check term folder:
1431
check term meta:
1
check insert result:
Array
(
    [term_id] => 1523
    [term_taxonomy_id] => 1523
)

check term folder:
1523
check term meta:
1
check insert result:
Array
(
    [term_id] => 1524
    [term_taxonomy_id] => 1524
)

check term folder:
1524
check term meta:
1
check insert result:
Array
(
    [term_id] => 1527
    [term_taxonomy_id] => 1527
)

check term folder:
1527
check term meta:
1
check insert result:
Array
(
    [term_id] => 1528
    [term_taxonomy_id] => 1528
)

check term folder:
1528
check term meta:
1
